<?xml version="1.0" encoding="UTF-8"?>
<robot generator="Robot 3.1.2 (Python 3.6.5 on linux)" generated="20200423 10:24:16.224" rpa="false">
<suite id="s1" name="Umarketmobi Login" source="/home/elsys/PycharmProjects/umarket_eco/umarketmobi_login.robot">
<test id="s1-t1" name="OpenPage">
<kw name="Open Browser" library="Selenium2Library">
<doc>Opens a new browser instance to the given ``url``.</doc>
<arguments>
<arg>${URL}</arg>
<arg>${browser}</arg>
</arguments>
<msg timestamp="20200423 10:24:16.813" level="INFO">Opening browser 'Chrome' to base url 'https://www.umarket.mobi/?siteRevision=138'.</msg>
<status status="PASS" starttime="20200423 10:24:16.812" endtime="20200423 10:24:32.757"></status>
</kw>
<kw name="Maximize Browser Window" library="Selenium2Library">
<doc>Maximizes current browser window.</doc>
<status status="PASS" starttime="20200423 10:24:32.758" endtime="20200423 10:24:32.888"></status>
</kw>
<kw name="Set Selenium Speed" library="Selenium2Library">
<doc>Sets the delay that is waited after each Selenium command.</doc>
<arguments>
<arg>1</arg>
</arguments>
<status status="PASS" starttime="20200423 10:24:32.889" endtime="20200423 10:24:32.889"></status>
</kw>
<status status="PASS" starttime="20200423 10:24:16.811" endtime="20200423 10:24:32.890" critical="yes"></status>
</test>
<test id="s1-t2" name="TitleTest">
<kw name="TitleofPage">
<kw name="Title Should Be" library="Selenium2Library">
<doc>Verifies that current page title equals ``title``.</doc>
<arguments>
<arg>UMarket</arg>
</arguments>
<kw name="Capture Page Screenshot" library="Selenium2Library">
<doc>Takes screenshot of the current page and embeds it into log file.</doc>
<msg timestamp="20200423 10:24:35.573" level="INFO" html="yes">&lt;/td&gt;&lt;/tr&gt;&lt;tr&gt;&lt;td colspan="3"&gt;&lt;a href="selenium-screenshot-1.png"&gt;&lt;img src="selenium-screenshot-1.png" width="800px"&gt;&lt;/a&gt;</msg>
<status status="PASS" starttime="20200423 10:24:33.911" endtime="20200423 10:24:35.573"></status>
</kw>
<msg timestamp="20200423 10:24:36.821" level="FAIL">Title should have been 'UMarket' but was 'Manteinance | UMarket'.</msg>
<status status="FAIL" starttime="20200423 10:24:32.900" endtime="20200423 10:24:36.821"></status>
</kw>
<status status="FAIL" starttime="20200423 10:24:32.899" endtime="20200423 10:24:36.821"></status>
</kw>
<status status="FAIL" starttime="20200423 10:24:32.895" endtime="20200423 10:24:36.821" critical="yes">Title should have been 'UMarket' but was 'Manteinance | UMarket'.</status>
</test>
<test id="s1-t3" name="Como_Funcionalink">
<kw name="Link_ComoFunciona_botao">
<kw name="Sleep" library="BuiltIn">
<doc>Pauses the test executed for the given time.</doc>
<arguments>
<arg>2</arg>
</arguments>
<msg timestamp="20200423 10:24:38.823" level="INFO">Slept 2 seconds</msg>
<status status="PASS" starttime="20200423 10:24:36.823" endtime="20200423 10:24:38.823"></status>
</kw>
<kw name="Click Element" library="Selenium2Library">
<doc>Click element identified by ``locator``.</doc>
<arguments>
<arg>xpath://p[@id='comp-ir9le55m1label']</arg>
</arguments>
<msg timestamp="20200423 10:24:38.824" level="INFO">Clicking element 'xpath://p[@id='comp-ir9le55m1label']'.</msg>
<kw name="Capture Page Screenshot" library="Selenium2Library">
<doc>Takes screenshot of the current page and embeds it into log file.</doc>
<msg timestamp="20200423 10:24:41.038" level="INFO" html="yes">&lt;/td&gt;&lt;/tr&gt;&lt;tr&gt;&lt;td colspan="3"&gt;&lt;a href="selenium-screenshot-2.png"&gt;&lt;img src="selenium-screenshot-2.png" width="800px"&gt;&lt;/a&gt;</msg>
<status status="PASS" starttime="20200423 10:24:39.848" endtime="20200423 10:24:41.038"></status>
</kw>
<msg timestamp="20200423 10:24:41.085" level="FAIL">ElementNotVisibleException: Message: element not interactable
  (Session info: chrome=73.0.3683.86)
  (Driver info: chromedriver=73.0.3683.68 (47787ec04b6e38e22703e856e101e840b65afe72),platform=Linux 4.15.0-29deepin-generic x86_64)
</msg>
<status status="FAIL" starttime="20200423 10:24:38.823" endtime="20200423 10:24:41.085"></status>
</kw>
<status status="FAIL" starttime="20200423 10:24:36.822" endtime="20200423 10:24:41.085"></status>
</kw>
<status status="FAIL" starttime="20200423 10:24:36.822" endtime="20200423 10:24:41.085" critical="yes">ElementNotVisibleException: Message: element not interactable
  (Session info: chrome=73.0.3683.86)
  (Driver info: chromedriver=73.0.3683.68 (47787ec04b6e38e22703e856e101e840b65afe72),platform=Linux 4.15.0-29deepin-generic x86_64)
</status>
</test>
<test id="s1-t4" name="Botao Planos">
<kw name="link_botao_Planos">
<kw name="Sleep" library="BuiltIn">
<doc>Pauses the test executed for the given time.</doc>
<arguments>
<arg>4</arg>
</arguments>
<msg timestamp="20200423 10:24:45.087" level="INFO">Slept 4 seconds</msg>
<status status="PASS" starttime="20200423 10:24:41.086" endtime="20200423 10:24:45.087"></status>
</kw>
<kw name="Click Element" library="Selenium2Library">
<doc>Click element identified by ``locator``.</doc>
<arguments>
<arg>xpath://p[@id='comp-ir9le55m2label']</arg>
</arguments>
<msg timestamp="20200423 10:24:45.087" level="INFO">Clicking element 'xpath://p[@id='comp-ir9le55m2label']'.</msg>
<kw name="Capture Page Screenshot" library="Selenium2Library">
<doc>Takes screenshot of the current page and embeds it into log file.</doc>
<msg timestamp="20200423 10:24:47.196" level="INFO" html="yes">&lt;/td&gt;&lt;/tr&gt;&lt;tr&gt;&lt;td colspan="3"&gt;&lt;a href="selenium-screenshot-3.png"&gt;&lt;img src="selenium-screenshot-3.png" width="800px"&gt;&lt;/a&gt;</msg>
<status status="PASS" starttime="20200423 10:24:46.112" endtime="20200423 10:24:47.196"></status>
</kw>
<msg timestamp="20200423 10:24:47.196" level="FAIL">ElementNotVisibleException: Message: element not interactable
  (Session info: chrome=73.0.3683.86)
  (Driver info: chromedriver=73.0.3683.68 (47787ec04b6e38e22703e856e101e840b65afe72),platform=Linux 4.15.0-29deepin-generic x86_64)
</msg>
<status status="FAIL" starttime="20200423 10:24:45.087" endtime="20200423 10:24:47.196"></status>
</kw>
<status status="FAIL" starttime="20200423 10:24:41.086" endtime="20200423 10:24:47.196"></status>
</kw>
<status status="FAIL" starttime="20200423 10:24:41.086" endtime="20200423 10:24:47.196" critical="yes">ElementNotVisibleException: Message: element not interactable
  (Session info: chrome=73.0.3683.86)
  (Driver info: chromedriver=73.0.3683.68 (47787ec04b6e38e22703e856e101e840b65afe72),platform=Linux 4.15.0-29deepin-generic x86_64)
</status>
</test>
<test id="s1-t5" name="Botao azul Nossos Planos">
<kw name="link_botao_azul_Nossos_planos">
<kw name="Sleep" library="BuiltIn">
<doc>Pauses the test executed for the given time.</doc>
<arguments>
<arg>5</arg>
</arguments>
<msg timestamp="20200423 10:24:52.198" level="INFO">Slept 5 seconds</msg>
<status status="PASS" starttime="20200423 10:24:47.198" endtime="20200423 10:24:52.198"></status>
</kw>
<kw name="Click Element" library="Selenium2Library">
<doc>Click element identified by ``locator``.</doc>
<arguments>
<arg>xpath://p[@id='comp-ir9le55m0label']</arg>
</arguments>
<msg timestamp="20200423 10:24:52.198" level="INFO">Clicking element 'xpath://p[@id='comp-ir9le55m0label']'.</msg>
<kw name="Capture Page Screenshot" library="Selenium2Library">
<doc>Takes screenshot of the current page and embeds it into log file.</doc>
<msg timestamp="20200423 10:24:54.322" level="INFO" html="yes">&lt;/td&gt;&lt;/tr&gt;&lt;tr&gt;&lt;td colspan="3"&gt;&lt;a href="selenium-screenshot-4.png"&gt;&lt;img src="selenium-screenshot-4.png" width="800px"&gt;&lt;/a&gt;</msg>
<status status="PASS" starttime="20200423 10:24:53.223" endtime="20200423 10:24:54.322"></status>
</kw>
<msg timestamp="20200423 10:24:54.322" level="FAIL">ElementNotVisibleException: Message: element not interactable
  (Session info: chrome=73.0.3683.86)
  (Driver info: chromedriver=73.0.3683.68 (47787ec04b6e38e22703e856e101e840b65afe72),platform=Linux 4.15.0-29deepin-generic x86_64)
</msg>
<status status="FAIL" starttime="20200423 10:24:52.198" endtime="20200423 10:24:54.322"></status>
</kw>
<status status="FAIL" starttime="20200423 10:24:47.197" endtime="20200423 10:24:54.322"></status>
</kw>
<status status="FAIL" starttime="20200423 10:24:47.197" endtime="20200423 10:24:54.323" critical="yes">ElementNotVisibleException: Message: element not interactable
  (Session info: chrome=73.0.3683.86)
  (Driver info: chromedriver=73.0.3683.68 (47787ec04b6e38e22703e856e101e840b65afe72),platform=Linux 4.15.0-29deepin-generic x86_64)
</status>
</test>
<test id="s1-t6" name="Plano Mensal e Plano Anual">
<kw name="botao_plano_mensal_e_plano_anual">
<kw name="Sleep" library="BuiltIn">
<doc>Pauses the test executed for the given time.</doc>
<arguments>
<arg>3</arg>
</arguments>
<msg timestamp="20200423 10:24:57.324" level="INFO">Slept 3 seconds</msg>
<status status="PASS" starttime="20200423 10:24:54.324" endtime="20200423 10:24:57.324"></status>
</kw>
<kw name="Click Element" library="Selenium2Library">
<doc>Click element identified by ``locator``.</doc>
<arguments>
<arg>xpath://div[@class='style-k94g1bzl_innerLabel']</arg>
</arguments>
<msg timestamp="20200423 10:24:57.325" level="INFO">Clicking element 'xpath://div[@class='style-k94g1bzl_innerLabel']'.</msg>
<kw name="Capture Page Screenshot" library="Selenium2Library">
<doc>Takes screenshot of the current page and embeds it into log file.</doc>
<msg timestamp="20200423 10:24:57.342" level="FAIL">WebDriverException: Message: chrome not reachable
  (Session info: chrome=73.0.3683.86)
  (Driver info: chromedriver=73.0.3683.68 (47787ec04b6e38e22703e856e101e840b65afe72),platform=Linux 4.15.0-29deepin-generic x86_64)
</msg>
<status status="FAIL" starttime="20200423 10:24:57.327" endtime="20200423 10:24:57.343"></status>
</kw>
<msg timestamp="20200423 10:24:57.343" level="WARN">Keyword 'Capture Page Screenshot' could not be run on failure: WebDriverException: Message: chrome not reachable
  (Session info: chrome=73.0.3683.86)
  (Driver info: chromedriver=73.0.3683.68 (47787ec04b6e38e22703e856e101e840b65afe72),platform=Linux 4.15.0-29deepin-generic x86_64)
</msg>
<msg timestamp="20200423 10:24:57.346" level="FAIL">WebDriverException: Message: chrome not reachable
  (Session info: chrome=73.0.3683.86)
  (Driver info: chromedriver=73.0.3683.68 (47787ec04b6e38e22703e856e101e840b65afe72),platform=Linux 4.15.0-29deepin-generic x86_64)
</msg>
<status status="FAIL" starttime="20200423 10:24:57.325" endtime="20200423 10:24:57.346"></status>
</kw>
<status status="FAIL" starttime="20200423 10:24:54.324" endtime="20200423 10:24:57.346"></status>
</kw>
<status status="FAIL" starttime="20200423 10:24:54.323" endtime="20200423 10:24:57.347" critical="yes">WebDriverException: Message: chrome not reachable
  (Session info: chrome=73.0.3683.86)
  (Driver info: chromedriver=73.0.3683.68 (47787ec04b6e38e22703e856e101e840b65afe72),platform=Linux 4.15.0-29deepin-generic x86_64)
</status>
</test>
<test id="s1-t7" name="Botao Cadastro">
<kw name="Fazer_Cadastro_Botao">
<kw name="Sleep" library="BuiltIn">
<doc>Pauses the test executed for the given time.</doc>
<arguments>
<arg>2</arg>
</arguments>
<msg timestamp="20200423 10:24:59.348" level="INFO">Slept 2 seconds</msg>
<status status="PASS" starttime="20200423 10:24:57.348" endtime="20200423 10:24:59.348"></status>
</kw>
<kw name="Click Element" library="Selenium2Library">
<doc>Click element identified by ``locator``.</doc>
<arguments>
<arg>xpath://a[@id='comp-k926fxxllink']</arg>
</arguments>
<msg timestamp="20200423 10:24:59.349" level="INFO">Clicking element 'xpath://a[@id='comp-k926fxxllink']'.</msg>
<kw name="Capture Page Screenshot" library="Selenium2Library">
<doc>Takes screenshot of the current page and embeds it into log file.</doc>
<msg timestamp="20200423 10:24:59.360" level="FAIL">WebDriverException: Message: chrome not reachable
  (Session info: chrome=73.0.3683.86)
  (Driver info: chromedriver=73.0.3683.68 (47787ec04b6e38e22703e856e101e840b65afe72),platform=Linux 4.15.0-29deepin-generic x86_64)
</msg>
<status status="FAIL" starttime="20200423 10:24:59.351" endtime="20200423 10:24:59.361"></status>
</kw>
<msg timestamp="20200423 10:24:59.361" level="WARN">Keyword 'Capture Page Screenshot' could not be run on failure: WebDriverException: Message: chrome not reachable
  (Session info: chrome=73.0.3683.86)
  (Driver info: chromedriver=73.0.3683.68 (47787ec04b6e38e22703e856e101e840b65afe72),platform=Linux 4.15.0-29deepin-generic x86_64)
</msg>
<msg timestamp="20200423 10:24:59.361" level="FAIL">WebDriverException: Message: chrome not reachable
  (Session info: chrome=73.0.3683.86)
  (Driver info: chromedriver=73.0.3683.68 (47787ec04b6e38e22703e856e101e840b65afe72),platform=Linux 4.15.0-29deepin-generic x86_64)
</msg>
<status status="FAIL" starttime="20200423 10:24:59.348" endtime="20200423 10:24:59.361"></status>
</kw>
<status status="FAIL" starttime="20200423 10:24:57.347" endtime="20200423 10:24:59.362"></status>
</kw>
<status status="FAIL" starttime="20200423 10:24:57.347" endtime="20200423 10:24:59.362" critical="yes">WebDriverException: Message: chrome not reachable
  (Session info: chrome=73.0.3683.86)
  (Driver info: chromedriver=73.0.3683.68 (47787ec04b6e38e22703e856e101e840b65afe72),platform=Linux 4.15.0-29deepin-generic x86_64)
</status>
</test>
<test id="s1-t8" name="Dados do usuario correto">
<kw name="Cadastro dos dados usuario correto">
<kw name="Sleep" library="BuiltIn">
<doc>Pauses the test executed for the given time.</doc>
<arguments>
<arg>4</arg>
</arguments>
<msg timestamp="20200423 10:25:03.364" level="INFO">Slept 4 seconds</msg>
<status status="PASS" starttime="20200423 10:24:59.364" endtime="20200423 10:25:03.364"></status>
</kw>
<kw name="Input Text" library="Selenium2Library">
<doc>Types the given ``text`` into text field identified by ``locator``.</doc>
<arguments>
<arg>xpath://input[@id='comp-k8x5vaz9input']</arg>
<arg>Sophia Souza Santos de Pinho</arg>
</arguments>
<msg timestamp="20200423 10:25:03.365" level="INFO">Typing text 'Sophia Souza Santos de Pinho' into text field 'xpath://input[@id='comp-k8x5vaz9input']'.</msg>
<kw name="Capture Page Screenshot" library="Selenium2Library">
<doc>Takes screenshot of the current page and embeds it into log file.</doc>
<msg timestamp="20200423 10:25:03.368" level="FAIL">WebDriverException: Message: chrome not reachable
  (Session info: chrome=73.0.3683.86)
  (Driver info: chromedriver=73.0.3683.68 (47787ec04b6e38e22703e856e101e840b65afe72),platform=Linux 4.15.0-29deepin-generic x86_64)
</msg>
<status status="FAIL" starttime="20200423 10:25:03.366" endtime="20200423 10:25:03.368"></status>
</kw>
<msg timestamp="20200423 10:25:03.368" level="WARN">Keyword 'Capture Page Screenshot' could not be run on failure: WebDriverException: Message: chrome not reachable
  (Session info: chrome=73.0.3683.86)
  (Driver info: chromedriver=73.0.3683.68 (47787ec04b6e38e22703e856e101e840b65afe72),platform=Linux 4.15.0-29deepin-generic x86_64)
</msg>
<msg timestamp="20200423 10:25:03.421" level="FAIL">WebDriverException: Message: chrome not reachable
  (Session info: chrome=73.0.3683.86)
  (Driver info: chromedriver=73.0.3683.68 (47787ec04b6e38e22703e856e101e840b65afe72),platform=Linux 4.15.0-29deepin-generic x86_64)
</msg>
<status status="FAIL" starttime="20200423 10:25:03.364" endtime="20200423 10:25:03.421"></status>
</kw>
<status status="FAIL" starttime="20200423 10:24:59.363" endtime="20200423 10:25:03.421"></status>
</kw>
<status status="FAIL" starttime="20200423 10:24:59.363" endtime="20200423 10:25:03.421" critical="yes">WebDriverException: Message: chrome not reachable
  (Session info: chrome=73.0.3683.86)
  (Driver info: chromedriver=73.0.3683.68 (47787ec04b6e38e22703e856e101e840b65afe72),platform=Linux 4.15.0-29deepin-generic x86_64)
</status>
</test>
<test id="s1-t9" name="Mensagem do cadastro sucesso">
<kw name="Cadastro com sucesso">
<kw name="Sleep" library="BuiltIn">
<doc>Pauses the test executed for the given time.</doc>
<arguments>
<arg>5</arg>
</arguments>
<msg timestamp="20200423 10:25:08.423" level="INFO">Slept 5 seconds</msg>
<status status="PASS" starttime="20200423 10:25:03.423" endtime="20200423 10:25:08.423"></status>
</kw>
<kw name="Element Text Should Be" library="Selenium2Library">
<doc>Verifies that element ``locator`` contains exact text ``expected``.</doc>
<arguments>
<arg>xpath://*[@id="comp-jxad0a66"]/span/p/span/span/span</arg>
<arg>Obrigado por se cadastrar!</arg>
</arguments>
<msg timestamp="20200423 10:25:08.424" level="INFO">Verifying element 'xpath://*[@id="comp-jxad0a66"]/span/p/span/span/span' contains exact text 'Obrigado por se cadastrar!'.</msg>
<kw name="Capture Page Screenshot" library="Selenium2Library">
<doc>Takes screenshot of the current page and embeds it into log file.</doc>
<msg timestamp="20200423 10:25:08.429" level="FAIL">WebDriverException: Message: chrome not reachable
  (Session info: chrome=73.0.3683.86)
  (Driver info: chromedriver=73.0.3683.68 (47787ec04b6e38e22703e856e101e840b65afe72),platform=Linux 4.15.0-29deepin-generic x86_64)
</msg>
<status status="FAIL" starttime="20200423 10:25:08.426" endtime="20200423 10:25:08.429"></status>
</kw>
<msg timestamp="20200423 10:25:08.429" level="WARN">Keyword 'Capture Page Screenshot' could not be run on failure: WebDriverException: Message: chrome not reachable
  (Session info: chrome=73.0.3683.86)
  (Driver info: chromedriver=73.0.3683.68 (47787ec04b6e38e22703e856e101e840b65afe72),platform=Linux 4.15.0-29deepin-generic x86_64)
</msg>
<msg timestamp="20200423 10:25:08.430" level="FAIL">WebDriverException: Message: chrome not reachable
  (Session info: chrome=73.0.3683.86)
  (Driver info: chromedriver=73.0.3683.68 (47787ec04b6e38e22703e856e101e840b65afe72),platform=Linux 4.15.0-29deepin-generic x86_64)
</msg>
<status status="FAIL" starttime="20200423 10:25:08.423" endtime="20200423 10:25:08.430"></status>
</kw>
<status status="FAIL" starttime="20200423 10:25:03.422" endtime="20200423 10:25:08.430"></status>
</kw>
<status status="FAIL" starttime="20200423 10:25:03.422" endtime="20200423 10:25:08.431" critical="yes">WebDriverException: Message: chrome not reachable
  (Session info: chrome=73.0.3683.86)
  (Driver info: chromedriver=73.0.3683.68 (47787ec04b6e38e22703e856e101e840b65afe72),platform=Linux 4.15.0-29deepin-generic x86_64)
</status>
</test>
<test id="s1-t10" name="Login Facebook webpage">
<kw name="Login Facebook page">
<kw name="Sleep" library="BuiltIn">
<doc>Pauses the test executed for the given time.</doc>
<arguments>
<arg>3</arg>
</arguments>
<msg timestamp="20200423 10:25:11.435" level="INFO">Slept 3 seconds</msg>
<status status="PASS" starttime="20200423 10:25:08.435" endtime="20200423 10:25:11.436"></status>
</kw>
<kw name="Click Element" library="Selenium2Library">
<doc>Click element identified by ``locator``.</doc>
<arguments>
<arg>xpath://img[@id='comp-iruti9mw0imageimageimage']</arg>
</arguments>
<msg timestamp="20200423 10:25:11.436" level="INFO">Clicking element 'xpath://img[@id='comp-iruti9mw0imageimageimage']'.</msg>
<kw name="Capture Page Screenshot" library="Selenium2Library">
<doc>Takes screenshot of the current page and embeds it into log file.</doc>
<msg timestamp="20200423 10:25:11.440" level="FAIL">WebDriverException: Message: chrome not reachable
  (Session info: chrome=73.0.3683.86)
  (Driver info: chromedriver=73.0.3683.68 (47787ec04b6e38e22703e856e101e840b65afe72),platform=Linux 4.15.0-29deepin-generic x86_64)
</msg>
<status status="FAIL" starttime="20200423 10:25:11.438" endtime="20200423 10:25:11.440"></status>
</kw>
<msg timestamp="20200423 10:25:11.440" level="WARN">Keyword 'Capture Page Screenshot' could not be run on failure: WebDriverException: Message: chrome not reachable
  (Session info: chrome=73.0.3683.86)
  (Driver info: chromedriver=73.0.3683.68 (47787ec04b6e38e22703e856e101e840b65afe72),platform=Linux 4.15.0-29deepin-generic x86_64)
</msg>
<msg timestamp="20200423 10:25:11.440" level="FAIL">WebDriverException: Message: chrome not reachable
  (Session info: chrome=73.0.3683.86)
  (Driver info: chromedriver=73.0.3683.68 (47787ec04b6e38e22703e856e101e840b65afe72),platform=Linux 4.15.0-29deepin-generic x86_64)
</msg>
<status status="FAIL" starttime="20200423 10:25:11.436" endtime="20200423 10:25:11.441"></status>
</kw>
<status status="FAIL" starttime="20200423 10:25:08.434" endtime="20200423 10:25:11.441"></status>
</kw>
<status status="FAIL" starttime="20200423 10:25:08.432" endtime="20200423 10:25:11.441" critical="yes">WebDriverException: Message: chrome not reachable
  (Session info: chrome=73.0.3683.86)
  (Driver info: chromedriver=73.0.3683.68 (47787ec04b6e38e22703e856e101e840b65afe72),platform=Linux 4.15.0-29deepin-generic x86_64)
</status>
</test>
<test id="s1-t11" name="Login to Tiwtter page">
<kw name="Login to Twitter">
<kw name="Sleep" library="BuiltIn">
<doc>Pauses the test executed for the given time.</doc>
<arguments>
<arg>8</arg>
</arguments>
<msg timestamp="20200423 10:25:19.443" level="INFO">Slept 8 seconds</msg>
<status status="PASS" starttime="20200423 10:25:11.442" endtime="20200423 10:25:19.443"></status>
</kw>
<kw name="Click Element" library="Selenium2Library">
<doc>Click element identified by ``locator``.</doc>
<arguments>
<arg>xpath://img[@id='comp-iruti9mw1imageimageimage']</arg>
</arguments>
<msg timestamp="20200423 10:25:19.443" level="INFO">Clicking element 'xpath://img[@id='comp-iruti9mw1imageimageimage']'.</msg>
<kw name="Capture Page Screenshot" library="Selenium2Library">
<doc>Takes screenshot of the current page and embeds it into log file.</doc>
<msg timestamp="20200423 10:25:19.447" level="FAIL">WebDriverException: Message: chrome not reachable
  (Session info: chrome=73.0.3683.86)
  (Driver info: chromedriver=73.0.3683.68 (47787ec04b6e38e22703e856e101e840b65afe72),platform=Linux 4.15.0-29deepin-generic x86_64)
</msg>
<status status="FAIL" starttime="20200423 10:25:19.445" endtime="20200423 10:25:19.447"></status>
</kw>
<msg timestamp="20200423 10:25:19.447" level="WARN">Keyword 'Capture Page Screenshot' could not be run on failure: WebDriverException: Message: chrome not reachable
  (Session info: chrome=73.0.3683.86)
  (Driver info: chromedriver=73.0.3683.68 (47787ec04b6e38e22703e856e101e840b65afe72),platform=Linux 4.15.0-29deepin-generic x86_64)
</msg>
<msg timestamp="20200423 10:25:19.448" level="FAIL">WebDriverException: Message: chrome not reachable
  (Session info: chrome=73.0.3683.86)
  (Driver info: chromedriver=73.0.3683.68 (47787ec04b6e38e22703e856e101e840b65afe72),platform=Linux 4.15.0-29deepin-generic x86_64)
</msg>
<status status="FAIL" starttime="20200423 10:25:19.443" endtime="20200423 10:25:19.448"></status>
</kw>
<status status="FAIL" starttime="20200423 10:25:11.442" endtime="20200423 10:25:19.448"></status>
</kw>
<status status="FAIL" starttime="20200423 10:25:11.442" endtime="20200423 10:25:19.448" critical="yes">WebDriverException: Message: chrome not reachable
  (Session info: chrome=73.0.3683.86)
  (Driver info: chromedriver=73.0.3683.68 (47787ec04b6e38e22703e856e101e840b65afe72),platform=Linux 4.15.0-29deepin-generic x86_64)
</status>
</test>
<test id="s1-t12" name="Login to Instagram">
<kw name="Login to Instagram">
<kw name="Sleep" library="BuiltIn">
<doc>Pauses the test executed for the given time.</doc>
<arguments>
<arg>8</arg>
</arguments>
<msg timestamp="20200423 10:25:27.450" level="INFO">Slept 8 seconds</msg>
<status status="PASS" starttime="20200423 10:25:19.449" endtime="20200423 10:25:27.450"></status>
</kw>
<kw name="Click Element" library="Selenium2Library">
<doc>Click element identified by ``locator``.</doc>
<arguments>
<arg>xpath://img[@id='comp-iruti9mw2imageimageimage']</arg>
</arguments>
<msg timestamp="20200423 10:25:27.450" level="INFO">Clicking element 'xpath://img[@id='comp-iruti9mw2imageimageimage']'.</msg>
<kw name="Capture Page Screenshot" library="Selenium2Library">
<doc>Takes screenshot of the current page and embeds it into log file.</doc>
<msg timestamp="20200423 10:25:27.454" level="FAIL">WebDriverException: Message: chrome not reachable
  (Session info: chrome=73.0.3683.86)
  (Driver info: chromedriver=73.0.3683.68 (47787ec04b6e38e22703e856e101e840b65afe72),platform=Linux 4.15.0-29deepin-generic x86_64)
</msg>
<status status="FAIL" starttime="20200423 10:25:27.452" endtime="20200423 10:25:27.455"></status>
</kw>
<msg timestamp="20200423 10:25:27.455" level="WARN">Keyword 'Capture Page Screenshot' could not be run on failure: WebDriverException: Message: chrome not reachable
  (Session info: chrome=73.0.3683.86)
  (Driver info: chromedriver=73.0.3683.68 (47787ec04b6e38e22703e856e101e840b65afe72),platform=Linux 4.15.0-29deepin-generic x86_64)
</msg>
<msg timestamp="20200423 10:25:27.456" level="FAIL">WebDriverException: Message: chrome not reachable
  (Session info: chrome=73.0.3683.86)
  (Driver info: chromedriver=73.0.3683.68 (47787ec04b6e38e22703e856e101e840b65afe72),platform=Linux 4.15.0-29deepin-generic x86_64)
</msg>
<status status="FAIL" starttime="20200423 10:25:27.450" endtime="20200423 10:25:27.456"></status>
</kw>
<status status="FAIL" starttime="20200423 10:25:19.449" endtime="20200423 10:25:27.456"></status>
</kw>
<status status="FAIL" starttime="20200423 10:25:19.449" endtime="20200423 10:25:27.456" critical="yes">WebDriverException: Message: chrome not reachable
  (Session info: chrome=73.0.3683.86)
  (Driver info: chromedriver=73.0.3683.68 (47787ec04b6e38e22703e856e101e840b65afe72),platform=Linux 4.15.0-29deepin-generic x86_64)
</status>
</test>
<test id="s1-t13" name="Login to LinkedIN page">
<kw name="login_linked_page">
<kw name="Sleep" library="BuiltIn">
<doc>Pauses the test executed for the given time.</doc>
<arguments>
<arg>8</arg>
</arguments>
<msg timestamp="20200423 10:25:35.458" level="INFO">Slept 8 seconds</msg>
<status status="PASS" starttime="20200423 10:25:27.458" endtime="20200423 10:25:35.458"></status>
</kw>
<kw name="Click Element" library="Selenium2Library">
<doc>Click element identified by ``locator``.</doc>
<arguments>
<arg>xpath://img[@id='comp-iruti9mw3imageimageimage']</arg>
</arguments>
<msg timestamp="20200423 10:25:35.459" level="INFO">Clicking element 'xpath://img[@id='comp-iruti9mw3imageimageimage']'.</msg>
<kw name="Capture Page Screenshot" library="Selenium2Library">
<doc>Takes screenshot of the current page and embeds it into log file.</doc>
<msg timestamp="20200423 10:25:35.465" level="FAIL">WebDriverException: Message: chrome not reachable
  (Session info: chrome=73.0.3683.86)
  (Driver info: chromedriver=73.0.3683.68 (47787ec04b6e38e22703e856e101e840b65afe72),platform=Linux 4.15.0-29deepin-generic x86_64)
</msg>
<status status="FAIL" starttime="20200423 10:25:35.461" endtime="20200423 10:25:35.466"></status>
</kw>
<msg timestamp="20200423 10:25:35.466" level="WARN">Keyword 'Capture Page Screenshot' could not be run on failure: WebDriverException: Message: chrome not reachable
  (Session info: chrome=73.0.3683.86)
  (Driver info: chromedriver=73.0.3683.68 (47787ec04b6e38e22703e856e101e840b65afe72),platform=Linux 4.15.0-29deepin-generic x86_64)
</msg>
<msg timestamp="20200423 10:25:35.466" level="FAIL">WebDriverException: Message: chrome not reachable
  (Session info: chrome=73.0.3683.86)
  (Driver info: chromedriver=73.0.3683.68 (47787ec04b6e38e22703e856e101e840b65afe72),platform=Linux 4.15.0-29deepin-generic x86_64)
</msg>
<status status="FAIL" starttime="20200423 10:25:35.458" endtime="20200423 10:25:35.466"></status>
</kw>
<status status="FAIL" starttime="20200423 10:25:27.457" endtime="20200423 10:25:35.466"></status>
</kw>
<status status="FAIL" starttime="20200423 10:25:27.457" endtime="20200423 10:25:35.467" critical="yes">WebDriverException: Message: chrome not reachable
  (Session info: chrome=73.0.3683.86)
  (Driver info: chromedriver=73.0.3683.68 (47787ec04b6e38e22703e856e101e840b65afe72),platform=Linux 4.15.0-29deepin-generic x86_64)
</status>
</test>
<doc>Andres Villas - Umarket Mobi Website Test Case</doc>
<status status="FAIL" starttime="20200423 10:24:16.224" endtime="20200423 10:25:35.469"></status>
</suite>
<statistics>
<total>
<stat pass="1" fail="12">Critical Tests</stat>
<stat pass="1" fail="12">All Tests</stat>
</total>
<tag>
</tag>
<suite>
<stat pass="1" fail="12" id="s1" name="Umarketmobi Login">Umarketmobi Login</stat>
</suite>
</statistics>
<errors>
<msg timestamp="20200423 10:24:57.343" level="WARN">Keyword 'Capture Page Screenshot' could not be run on failure: WebDriverException: Message: chrome not reachable
  (Session info: chrome=73.0.3683.86)
  (Driver info: chromedriver=73.0.3683.68 (47787ec04b6e38e22703e856e101e840b65afe72),platform=Linux 4.15.0-29deepin-generic x86_64)
</msg>
<msg timestamp="20200423 10:24:59.361" level="WARN">Keyword 'Capture Page Screenshot' could not be run on failure: WebDriverException: Message: chrome not reachable
  (Session info: chrome=73.0.3683.86)
  (Driver info: chromedriver=73.0.3683.68 (47787ec04b6e38e22703e856e101e840b65afe72),platform=Linux 4.15.0-29deepin-generic x86_64)
</msg>
<msg timestamp="20200423 10:25:03.368" level="WARN">Keyword 'Capture Page Screenshot' could not be run on failure: WebDriverException: Message: chrome not reachable
  (Session info: chrome=73.0.3683.86)
  (Driver info: chromedriver=73.0.3683.68 (47787ec04b6e38e22703e856e101e840b65afe72),platform=Linux 4.15.0-29deepin-generic x86_64)
</msg>
<msg timestamp="20200423 10:25:08.429" level="WARN">Keyword 'Capture Page Screenshot' could not be run on failure: WebDriverException: Message: chrome not reachable
  (Session info: chrome=73.0.3683.86)
  (Driver info: chromedriver=73.0.3683.68 (47787ec04b6e38e22703e856e101e840b65afe72),platform=Linux 4.15.0-29deepin-generic x86_64)
</msg>
<msg timestamp="20200423 10:25:11.440" level="WARN">Keyword 'Capture Page Screenshot' could not be run on failure: WebDriverException: Message: chrome not reachable
  (Session info: chrome=73.0.3683.86)
  (Driver info: chromedriver=73.0.3683.68 (47787ec04b6e38e22703e856e101e840b65afe72),platform=Linux 4.15.0-29deepin-generic x86_64)
</msg>
<msg timestamp="20200423 10:25:19.447" level="WARN">Keyword 'Capture Page Screenshot' could not be run on failure: WebDriverException: Message: chrome not reachable
  (Session info: chrome=73.0.3683.86)
  (Driver info: chromedriver=73.0.3683.68 (47787ec04b6e38e22703e856e101e840b65afe72),platform=Linux 4.15.0-29deepin-generic x86_64)
</msg>
<msg timestamp="20200423 10:25:27.455" level="WARN">Keyword 'Capture Page Screenshot' could not be run on failure: WebDriverException: Message: chrome not reachable
  (Session info: chrome=73.0.3683.86)
  (Driver info: chromedriver=73.0.3683.68 (47787ec04b6e38e22703e856e101e840b65afe72),platform=Linux 4.15.0-29deepin-generic x86_64)
</msg>
<msg timestamp="20200423 10:25:35.466" level="WARN">Keyword 'Capture Page Screenshot' could not be run on failure: WebDriverException: Message: chrome not reachable
  (Session info: chrome=73.0.3683.86)
  (Driver info: chromedriver=73.0.3683.68 (47787ec04b6e38e22703e856e101e840b65afe72),platform=Linux 4.15.0-29deepin-generic x86_64)
</msg>
</errors>
</robot>
